#
# There is insufficient memory for the Java Runtime Environment to continue.
# Native memory allocation (malloc) failed to allocate 1048576 bytes. Error detail: AllocateHeap
# Possible reasons:
#   The system is out of physical RAM or swap space
#   This process is running with CompressedOops enabled, and the Java Heap may be blocking the growth of the native heap
# Possible solutions:
#   Reduce memory load on the system
#   Increase physical memory or swap space
#   Check if swap backing store is full
#   Decrease Java heap size (-Xmx/-Xms)
#   Decrease number of Java threads
#   Decrease Java thread stack sizes (-Xss)
#   Set larger code cache with -XX:ReservedCodeCacheSize=
#   JVM is running with Unscaled Compressed Oops mode in which the Java heap is
#     placed in the first 4GB address space. The Java Heap base address is the
#     maximum limit for the native heap growth. Please use -XX:HeapBaseMinAddress
#     to set the Java Heap base and to place the Java Heap above 4GB virtual address.
# This output file may be truncated or incomplete.
#
#  Out of Memory Error (allocation.cpp:44), pid=13008, tid=2600
#
# JRE version:  (17.0.11+9) (build )
# Java VM: OpenJDK 64-Bit Server VM (17.0.11+9, mixed mode, tiered, compressed oops, compressed class ptrs, parallel gc, windows-amd64)
# No core dump will be written. Minidumps are not enabled by default on client versions of Windows
#

---------------  S U M M A R Y ------------

Command Line: --add-modules=ALL-SYSTEM --add-opens=java.base/java.util=ALL-UNNAMED --add-opens=java.base/java.lang=ALL-UNNAMED --add-opens=java.base/sun.nio.fs=ALL-UNNAMED -Declipse.application=org.eclipse.jdt.ls.core.id1 -Dosgi.bundles.defaultStartLevel=4 -Declipse.product=org.eclipse.jdt.ls.core.product -Djava.import.generatesMetadataFilesAtProjectRoot=false -DDetectVMInstallationsJob.disabled=true -Dfile.encoding=utf8 -XX:+UseParallelGC -XX:GCTimeRatio=4 -XX:AdaptiveSizePolicyWeight=90 -Dsun.zip.disableMemoryMapping=true -Xmx1G -Xms100m -Xlog:disable -javaagent:c:\Users\leelaprasad\.vscode\extensions\redhat.java-1.31.0-win32-x64\lombok\lombok-1.18.32.jar -XX:+HeapDumpOnOutOfMemoryError -XX:HeapDumpPath=c:\Users\leelaprasad\AppData\Roaming\Code\User\workspaceStorage\ce7e5dca9aaa9d04334f029de27a9e63\redhat.java -Daether.dependencyCollector.impl=bf c:\Users\leelaprasad\.vscode\extensions\redhat.java-1.31.0-win32-x64\server\plugins\org.eclipse.equinox.launcher_1.6.800.v20240513-1750.jar -configuration c:\Users\leelaprasad\AppData\Roaming\Code\User\globalStorage\redhat.java\1.31.0\config_win -data c:\Users\leelaprasad\AppData\Roaming\Code\User\workspaceStorage\ce7e5dca9aaa9d04334f029de27a9e63\redhat.java\jdt_ws --pipe=\\.\pipe\lsp-164393f700bfd784d075e3612bfedd01-sock

Host: Intel(R) Core(TM) i5-10210U CPU @ 1.60GHz, 8 cores, 7G,  Windows 11 , 64 bit Build 22621 (10.0.22621.3672)
Time: Sun Jun 16 19:04:31 2024 India Standard Time elapsed time: 0.070325 seconds (0d 0h 0m 0s)

---------------  T H R E A D  ---------------

Current thread (0x000001badb12fab0):  JavaThread "Unknown thread" [_thread_in_vm, id=2600, stack(0x0000002f8ac00000,0x0000002f8ad00000)]

Stack: [0x0000002f8ac00000,0x0000002f8ad00000]
Native frames: (J=compiled Java code, j=interpreted, Vv=VM code, C=native code)
V  [jvm.dll+0x67d429]
V  [jvm.dll+0x834b7a]
V  [jvm.dll+0x83663e]
V  [jvm.dll+0x836ca3]
V  [jvm.dll+0x247dbf]
V  [jvm.dll+0xa6cb3]
V  [jvm.dll+0x6aff5a]
V  [jvm.dll+0x6b0ce9]
V  [jvm.dll+0x689b53]
V  [jvm.dll+0x806c4b]
V  [jvm.dll+0x36c5e4]
V  [jvm.dll+0x7e4f56]
V  [jvm.dll+0x3efdcf]
V  [jvm.dll+0x3f1921]
C  [jli.dll+0x528f]
C  [ucrtbase.dll+0x29333]
C  [KERNEL32.DLL+0x1257d]
C  [ntdll.dll+0x5af28]


---------------  P R O C E S S  ---------------

Threads class SMR info:
_java_thread_list=0x00007ffdb1feeed8, length=0, elements={
}

Java Threads: ( => current thread )

Other Threads:
  0x000001badb144910 GCTaskThread "GC Thread#0" [stack: 0x0000002f8ad00000,0x0000002f8ae00000] [id=5844]

=>0x000001badb12fab0 (exited) JavaThread "Unknown thread" [_thread_in_vm, id=2600, stack(0x0000002f8ac00000,0x0000002f8ad00000)]

Threads with active compile tasks:

VM state: not at safepoint (normal execution)

VM Mutex/Monitor currently owned by a thread: None

Heap address: 0x00000000c0000000, size: 1024 MB, Compressed Oops mode: 32-bit

CDS archive(s) not mapped
Compressed class space mapped at: 0x0000000100000000-0x0000000140000000, reserved size: 1073741824
Narrow klass base: 0x0000000000000000, Narrow klass shift: 3, Narrow klass range: 0x140000000

GC Precious Log:
 CPUs: 8 total, 8 available
 Memory: 8022M
 Large Page Support: Disabled
 NUMA Support: Disabled
 Compressed Oops: Enabled (32-bit)
 Alignments: Space 512K, Generation 512K, Heap 2M
 Heap Min Capacity: 100M
 Heap Initial Capacity: 100M
 Heap Max Capacity: 1G
 Pre-touch: Disabled
 Parallel Workers: 8

Heap:
 PSYoungGen      total 29696K, used 512K [0x00000000eab00000, 0x00000000ecc00000, 0x0000000100000000)
  eden space 25600K, 2% used [0x00000000eab00000,0x00000000eab80070,0x00000000ec400000)
  from space 4096K, 0% used [0x00000000ec800000,0x00000000ec800000,0x00000000ecc00000)
  to   space 4096K, 0% used [0x00000000ec400000,0x00000000ec400000,0x00000000ec800000)
 ParOldGen       total 68608K, used 0K [0x00000000c0000000, 0x00000000c4300000, 0x00000000eab00000)
  object space 68608K, 0% used [0x00000000c0000000,0x00000000c0000000,0x00000000c4300000)
 Metaspace       used 1149K, committed 1216K, reserved 1114112K
  class space    used 101K, committed 128K, reserved 1048576K

Card table byte_map: [0x000001baee780000,0x000001baee990000] _byte_map_base: 0x000001baee180000

Marking Bits: (ParMarkBitMap*) 0x00007ffdb205d820
 Begin Bits: [0x000001baeeaf0000, 0x000001baefaf0000)
 End Bits:   [0x000001baefaf0000, 0x000001baf0af0000)

Polling page: 0x000001badb1e0000

Metaspace:

Usage:
  Non-class:      1.02 MB used.
      Class:    101.05 KB used.
       Both:      1.12 MB used.

Virtual space:
  Non-class space:       64.00 MB reserved,       1.06 MB (  2%) committed,  1 nodes.
      Class space:        1.00 GB reserved,     128.00 KB ( <1%) committed,  1 nodes.
             Both:        1.06 GB reserved,       1.19 MB ( <1%) committed. 

Chunk freelists:
   Non-Class:  12.00 MB
       Class:  15.75 MB
        Both:  27.75 MB

MaxMetaspaceSize: unlimited
CompressedClassSpaceSize: 1.00 GB
Initial GC threshold: 21.00 MB
Current GC threshold: 17179869184.00 GB
CDS: off
MetaspaceReclaimPolicy: balanced
 - commit_granule_bytes: 65536.
 - commit_granule_words: 8192.
 - virtual_space_node_default_size: 8388608.
 - enlarge_chunks_in_place: 1.
 - new_chunks_are_fully_committed: 0.
 - uncommit_free_chunks: 1.
 - use_allocation_guard: 0.
 - handle_deallocations: 1.


Internal statistics:

num_allocs_failed_limit: 0.
num_arena_births: 2.
num_arena_deaths: 0.
num_vsnodes_births: 2.
num_vsnodes_deaths: 0.
num_space_committed: 19.
num_space_uncommitted: 0.
num_chunks_returned_to_freelist: 0.
num_chunks_taken_from_freelist: 3.
num_chunk_merges: 0.
num_chunk_splits: 2.
num_chunks_enlarged: 0.
num_inconsistent_stats: 0.

CodeHeap 'non-profiled nmethods': size=120000Kb used=0Kb max_used=0Kb free=120000Kb
 bounds [0x000001bae7070000, 0x000001bae72e0000, 0x000001baee5a0000]
CodeHeap 'profiled nmethods': size=120000Kb used=0Kb max_used=0Kb free=120000Kb
 bounds [0x000001badf5a0000, 0x000001badf810000, 0x000001bae6ad0000]
CodeHeap 'non-nmethods': size=5760Kb used=202Kb max_used=353Kb free=5557Kb
 bounds [0x000001bae6ad0000, 0x000001bae6d40000, 0x000001bae7070000]
 total_blobs=66 nmethods=0 adapters=47
 compilation: enabled
              stopped_count=0, restarted_count=0
 full_count=0

Compilation events (0 events):
No events

GC Heap History (0 events):
No events

Dll operation events (1 events):
Event: 0.020 Loaded shared library c:\Users\leelaprasad\.vscode\extensions\redhat.java-1.31.0-win32-x64\jre\17.0.11-win32-x86_64\bin\java.dll

Deoptimization events (0 events):
No events

Classes unloaded (0 events):
No events

Classes redefined (0 events):
No events

Internal exceptions (0 events):
No events

VM Operations (0 events):
No events

Events (20 events):
Event: 0.057 loading class java/lang/Long
Event: 0.058 loading class java/lang/Long done
Event: 0.058 loading class java/util/Iterator
Event: 0.058 loading class java/util/Iterator done
Event: 0.058 loading class java/lang/reflect/RecordComponent
Event: 0.058 loading class java/lang/reflect/RecordComponent done
Event: 0.058 loading class jdk/internal/vm/vector/VectorSupport
Event: 0.058 loading class jdk/internal/vm/vector/VectorSupport done
Event: 0.058 loading class jdk/internal/vm/vector/VectorSupport$VectorPayload
Event: 0.058 loading class jdk/internal/vm/vector/VectorSupport$VectorPayload done
Event: 0.058 loading class jdk/internal/vm/vector/VectorSupport$Vector
Event: 0.058 loading class jdk/internal/vm/vector/VectorSupport$Vector done
Event: 0.058 loading class jdk/internal/vm/vector/VectorSupport$VectorMask
Event: 0.058 loading class jdk/internal/vm/vector/VectorSupport$VectorMask done
Event: 0.058 loading class jdk/internal/vm/vector/VectorSupport$VectorShuffle
Event: 0.058 loading class jdk/internal/vm/vector/VectorSupport$VectorShuffle done
Event: 0.062 loading class java/lang/NullPointerException
Event: 0.062 loading class java/lang/NullPointerException done
Event: 0.062 loading class java/lang/ArithmeticException
Event: 0.063 loading class java/lang/ArithmeticException done


Dynamic libraries:
0x00007ff7bbae0000 - 0x00007ff7bbaee000 	c:\Users\leelaprasad\.vscode\extensions\redhat.java-1.31.0-win32-x64\jre\17.0.11-win32-x86_64\bin\java.exe
0x00007ffe20570000 - 0x00007ffe20787000 	C:\WINDOWS\SYSTEM32\ntdll.dll
0x00007ffe1fa70000 - 0x00007ffe1fb34000 	C:\WINDOWS\System32\KERNEL32.DLL
0x00007ffe1d9c0000 - 0x00007ffe1dd6c000 	C:\WINDOWS\System32\KERNELBASE.dll
0x00007ffe1dda0000 - 0x00007ffe1deb1000 	C:\WINDOWS\System32\ucrtbase.dll
0x00007ffdf48e0000 - 0x00007ffdf48f7000 	c:\Users\leelaprasad\.vscode\extensions\redhat.java-1.31.0-win32-x64\jre\17.0.11-win32-x86_64\bin\jli.dll
0x00007ffdf41c0000 - 0x00007ffdf41db000 	c:\Users\leelaprasad\.vscode\extensions\redhat.java-1.31.0-win32-x64\jre\17.0.11-win32-x86_64\bin\VCRUNTIME140.dll
0x00007ffe20020000 - 0x00007ffe201ce000 	C:\WINDOWS\System32\USER32.dll
0x00007ffe1dd70000 - 0x00007ffe1dd96000 	C:\WINDOWS\System32\win32u.dll
0x00007ffe1fff0000 - 0x00007ffe20019000 	C:\WINDOWS\System32\GDI32.dll
0x00007ffe1d8a0000 - 0x00007ffe1d9b9000 	C:\WINDOWS\System32\gdi32full.dll
0x00007ffe1dfe0000 - 0x00007ffe1e07a000 	C:\WINDOWS\System32\msvcp_win.dll
0x00007ffe06520000 - 0x00007ffe067b3000 	C:\WINDOWS\WinSxS\amd64_microsoft.windows.common-controls_6595b64144ccf1df_6.0.22621.3672_none_2713b9d173822955\COMCTL32.dll
0x00007ffe1e6b0000 - 0x00007ffe1e757000 	C:\WINDOWS\System32\msvcrt.dll
0x00007ffe1e5c0000 - 0x00007ffe1e5f1000 	C:\WINDOWS\System32\IMM32.DLL
0x00007ffe0c110000 - 0x00007ffe0c11c000 	c:\Users\leelaprasad\.vscode\extensions\redhat.java-1.31.0-win32-x64\jre\17.0.11-win32-x86_64\bin\vcruntime140_1.dll
0x00007ffdec710000 - 0x00007ffdec79d000 	c:\Users\leelaprasad\.vscode\extensions\redhat.java-1.31.0-win32-x64\jre\17.0.11-win32-x86_64\bin\msvcp140.dll
0x00007ffdb14c0000 - 0x00007ffdb2122000 	c:\Users\leelaprasad\.vscode\extensions\redhat.java-1.31.0-win32-x64\jre\17.0.11-win32-x86_64\bin\server\jvm.dll
0x00007ffe1e770000 - 0x00007ffe1e822000 	C:\WINDOWS\System32\ADVAPI32.dll
0x00007ffe1fc80000 - 0x00007ffe1fd2a000 	C:\WINDOWS\System32\sechost.dll
0x00007ffe1dfb0000 - 0x00007ffe1dfd8000 	C:\WINDOWS\System32\bcrypt.dll
0x00007ffe1e830000 - 0x00007ffe1e945000 	C:\WINDOWS\System32\RPCRT4.dll
0x00007ffe1d760000 - 0x00007ffe1d7ad000 	C:\WINDOWS\SYSTEM32\POWRPROF.dll
0x00007ffe03790000 - 0x00007ffe03799000 	C:\WINDOWS\SYSTEM32\WSOCK32.dll
0x00007ffe1e540000 - 0x00007ffe1e5b1000 	C:\WINDOWS\System32\WS2_32.dll
0x00007ffe13ed0000 - 0x00007ffe13eda000 	C:\WINDOWS\SYSTEM32\VERSION.dll
0x00007ffe0b9a0000 - 0x00007ffe0b9d4000 	C:\WINDOWS\SYSTEM32\WINMM.dll
0x00007ffe1d740000 - 0x00007ffe1d753000 	C:\WINDOWS\SYSTEM32\UMPDC.dll
0x00007ffe1c8d0000 - 0x00007ffe1c8e8000 	C:\WINDOWS\SYSTEM32\kernel.appcore.dll
0x00007ffe062f0000 - 0x00007ffe062fa000 	c:\Users\leelaprasad\.vscode\extensions\redhat.java-1.31.0-win32-x64\jre\17.0.11-win32-x86_64\bin\jimage.dll
0x00007ffe18310000 - 0x00007ffe18542000 	C:\WINDOWS\SYSTEM32\DBGHELP.DLL
0x00007ffe1f6e0000 - 0x00007ffe1fa68000 	C:\WINDOWS\System32\combase.dll
0x00007ffe1e460000 - 0x00007ffe1e537000 	C:\WINDOWS\System32\OLEAUT32.dll
0x00007ffdfbee0000 - 0x00007ffdfbf12000 	C:\WINDOWS\SYSTEM32\dbgcore.DLL
0x00007ffe1dec0000 - 0x00007ffe1df3b000 	C:\WINDOWS\System32\bcryptPrimitives.dll
0x00007ffe039b0000 - 0x00007ffe039be000 	c:\Users\leelaprasad\.vscode\extensions\redhat.java-1.31.0-win32-x64\jre\17.0.11-win32-x86_64\bin\instrument.dll
0x00007ffdeeb60000 - 0x00007ffdeeb85000 	c:\Users\leelaprasad\.vscode\extensions\redhat.java-1.31.0-win32-x64\jre\17.0.11-win32-x86_64\bin\java.dll
0x00007ffdeec60000 - 0x00007ffdeec78000 	c:\Users\leelaprasad\.vscode\extensions\redhat.java-1.31.0-win32-x64\jre\17.0.11-win32-x86_64\bin\zip.dll

dbghelp: loaded successfully - version: 4.0.5 - missing functions: none
symbol engine: initialized successfully - sym options: 0x614 - pdb path: .;c:\Users\leelaprasad\.vscode\extensions\redhat.java-1.31.0-win32-x64\jre\17.0.11-win32-x86_64\bin;C:\WINDOWS\SYSTEM32;C:\WINDOWS\WinSxS\amd64_microsoft.windows.common-controls_6595b64144ccf1df_6.0.22621.3672_none_2713b9d173822955;c:\Users\leelaprasad\.vscode\extensions\redhat.java-1.31.0-win32-x64\jre\17.0.11-win32-x86_64\bin\server

VM Arguments:
jvm_args: --add-modules=ALL-SYSTEM --add-opens=java.base/java.util=ALL-UNNAMED --add-opens=java.base/java.lang=ALL-UNNAMED --add-opens=java.base/sun.nio.fs=ALL-UNNAMED -Declipse.application=org.eclipse.jdt.ls.core.id1 -Dosgi.bundles.defaultStartLevel=4 -Declipse.product=org.eclipse.jdt.ls.core.product -Djava.import.generatesMetadataFilesAtProjectRoot=false -DDetectVMInstallationsJob.disabled=true -Dfile.encoding=utf8 -XX:+UseParallelGC -XX:GCTimeRatio=4 -XX:AdaptiveSizePolicyWeight=90 -Dsun.zip.disableMemoryMapping=true -Xmx1G -Xms100m -Xlog:disable -javaagent:c:\Users\leelaprasad\.vscode\extensions\redhat.java-1.31.0-win32-x64\lombok\lombok-1.18.32.jar -XX:+HeapDumpOnOutOfMemoryError -XX:HeapDumpPath=c:\Users\leelaprasad\AppData\Roaming\Code\User\workspaceStorage\ce7e5dca9aaa9d04334f029de27a9e63\redhat.java -Daether.dependencyCollector.impl=bf 
java_command: c:\Users\leelaprasad\.vscode\extensions\redhat.java-1.31.0-win32-x64\server\plugins\org.eclipse.equinox.launcher_1.6.800.v20240513-1750.jar -configuration c:\Users\leelaprasad\AppData\Roaming\Code\User\globalStorage\redhat.java\1.31.0\config_win -data c:\Users\leelaprasad\AppData\Roaming\Code\User\workspaceStorage\ce7e5dca9aaa9d04334f029de27a9e63\redhat.java\jdt_ws --pipe=\\.\pipe\lsp-164393f700bfd784d075e3612bfedd01-sock
java_class_path (initial): c:\Users\leelaprasad\.vscode\extensions\redhat.java-1.31.0-win32-x64\server\plugins\org.eclipse.equinox.launcher_1.6.800.v20240513-1750.jar
Launcher Type: SUN_STANDARD

[Global flags]
    uintx AdaptiveSizePolicyWeight                 = 90                                        {product} {command line}
     intx CICompilerCount                          = 4                                         {product} {ergonomic}
    uintx GCTimeRatio                              = 4                                         {product} {command line}
     bool HeapDumpOnOutOfMemoryError               = true                                   {manageable} {command line}
    ccstr HeapDumpPath                             = c:\Users\leelaprasad\AppData\Roaming\Code\User\workspaceStorage\ce7e5dca9aaa9d04334f029de27a9e63\redhat.java         {manageable} {command line}
   size_t InitialHeapSize                          = 104857600                                 {product} {command line}
   size_t MaxHeapSize                              = 1073741824                                {product} {command line}
   size_t MaxNewSize                               = 357564416                                 {product} {ergonomic}
   size_t MinHeapDeltaBytes                        = 524288                                    {product} {ergonomic}
   size_t MinHeapSize                              = 104857600                                 {product} {command line}
   size_t NewSize                                  = 34603008                                  {product} {ergonomic}
    uintx NonNMethodCodeHeapSize                   = 5839372                                {pd product} {ergonomic}
    uintx NonProfiledCodeHeapSize                  = 122909434                              {pd product} {ergonomic}
   size_t OldSize                                  = 70254592                                  {product} {ergonomic}
    uintx ProfiledCodeHeapSize                     = 122909434                              {pd product} {ergonomic}
    uintx ReservedCodeCacheSize                    = 251658240                              {pd product} {ergonomic}
     bool SegmentedCodeCache                       = true                                      {product} {ergonomic}
   size_t SoftMaxHeapSize                          = 1073741824                             {manageable} {ergonomic}
     bool UseCompressedClassPointers               = true                           {product lp64_product} {ergonomic}
     bool UseCompressedOops                        = true                           {product lp64_product} {ergonomic}
     bool UseLargePagesIndividualAllocation        = false                                  {pd product} {ergonomic}
     bool UseParallelGC                            = true                                      {product} {command line}

Logging:
Log output configuration:
 #0: stdout all=off uptime,level,tags
 #1: stderr all=off uptime,level,tags

Environment Variables:
JAVA_HOME=C:\Program Files\Java\jdk-18.0.2.1
PATH=C:\Program Files\Java\jdk-18.0.2.1\bin;C:\Program Files\Git\cmd;C:\Program Files\nodejs\;C:\Program Files\nodejs;C:\apache-maven-3.9.5\bin;C:\Program Files\PostgreSQL\15\bin;C:\Program Files\Amazon\AWSCLIV2\;C:\Users\leelaprasad\AppData\Local\Programs\Python\Python310\Scripts\;C:\Users\leelaprasad\AppData\Local\Programs\Python\Python310\;C:\Users\leelaprasad\AppData\Local\Microsoft\WindowsApps;C:\Program Files\heroku\bin;C:\Users\leelaprasad\AppData\Local\Programs\Microsoft VS Code\bin;C:\Users\leelaprasad\AppData\Roaming\npm;C:\Program Files\PostgreSQL\15\bin;;C:\Program Files\JetBrains\IntelliJ IDEA 2023.2.5\bin;
USERNAME=leelaprasad
SHELL=C:\PROGRA~2\RATIONAL\RATION~1\NUTCROOT\mksnt\sh.exe
DISPLAY=:0.0
TMPDIR=C:\Users\LEELAP~1\AppData\Local\Temp
OS=Windows_NT
PROCESSOR_IDENTIFIER=Intel64 Family 6 Model 142 Stepping 12, GenuineIntel
TMP=C:\Users\LEELAP~1\AppData\Local\Temp
TEMP=C:\Users\LEELAP~1\AppData\Local\Temp



Periodic native trim disabled


---------------  S Y S T E M  ---------------

OS:
 Windows 11 , 64 bit Build 22621 (10.0.22621.3672)
OS uptime: 1 days 9:19 hours

CPU: total 8 (initial active 8) (4 cores per cpu, 2 threads per core) family 6 model 142 stepping 12 microcode 0xde, cx8, cmov, fxsr, ht, mmx, 3dnowpref, sse, sse2, sse3, ssse3, sse4.1, sse4.2, popcnt, lzcnt, tsc, tscinvbit, avx, avx2, aes, erms, clmul, bmi1, bmi2, adx, fma, vzeroupper, clflush, clflushopt
Processor Information for processor 0
  Max Mhz: 2112, Current Mhz: 1609, Mhz Limit: 1605
Processor Information for processor 1
  Max Mhz: 2112, Current Mhz: 1609, Mhz Limit: 1605
Processor Information for processor 2
  Max Mhz: 2112, Current Mhz: 1609, Mhz Limit: 1605
Processor Information for processor 3
  Max Mhz: 2112, Current Mhz: 1508, Mhz Limit: 1605
Processor Information for processor 4
  Max Mhz: 2112, Current Mhz: 1609, Mhz Limit: 1605
Processor Information for processor 5
  Max Mhz: 2112, Current Mhz: 1508, Mhz Limit: 1605
Processor Information for processor 6
  Max Mhz: 2112, Current Mhz: 1609, Mhz Limit: 1605
Processor Information for processor 7
  Max Mhz: 2112, Current Mhz: 1609, Mhz Limit: 1605

Memory: 4k page, system-wide physical 8022M (743M free)
TotalPageFile size 10070M (AvailPageFile size 4M)
current process WorkingSet (physical memory assigned to process): 16M, peak: 16M
current process commit charge ("private bytes"): 165M, peak: 166M

vm_info: OpenJDK 64-Bit Server VM (17.0.11+9) for windows-amd64 JRE (17.0.11+9), built on Apr 17 2024 06:07:48 by "admin" with MS VC++ 16.10 / 16.11 (VS2019)

END.
